<?xml version="1.0" encoding="UTF-8"?>
<!-- Generated by org.testng.reporters.JUnitReportReporter -->
<testsuite hostname="PRFT-16817" failures="0" tests="1" name="xboxtestcases.verifyTop5Gamertags" time="12.740" errors="0" timestamp="3 Mar 2022 16:28:23 GMT">
  <testcase classname="xboxtestcases.verifyTop5Gamertags" name="verifyTop5Gts" time="12.740"/>
</testsuite> <!-- xboxtestcases.verifyTop5Gamertags -->
