<?xml version="1.0" encoding="UTF-8"?>
<!-- Generated by org.testng.reporters.JUnitReportReporter -->
<testsuite hostname="PRFT-16817" failures="0" tests="1" name="xboxtestcases.test" time="0.005" errors="0" timestamp="28 Feb 2022 19:11:20 GMT">
  <testcase classname="xboxtestcases.test" name="count" time="0.005"/>
</testsuite> <!-- xboxtestcases.test -->
