<?xml version="1.0" encoding="UTF-8"?>
<!-- Generated by org.testng.reporters.JUnitReportReporter -->
<testsuite hostname="PRFT-16817" failures="0" tests="1" name="xboxtestcases.VerifyTop5Gamertags" time="13.075" errors="0" timestamp="28 Feb 2022 21:48:14 GMT">
  <testcase classname="xboxtestcases.VerifyTop5Gamertags" name="verifyRank1" time="13.075"/>
</testsuite> <!-- xboxtestcases.VerifyTop5Gamertags -->
