<?xml version="1.0" encoding="UTF-8"?>
<!-- Generated by org.testng.reporters.JUnitReportReporter -->
<testsuite hostname="PRFT-16817" failures="0" tests="1" name="xboxtestcases.verifyTop5Games" time="5.257" errors="0" timestamp="3 Mar 2022 16:28:28 GMT">
  <testcase classname="xboxtestcases.verifyTop5Games" name="verifyTopGames" time="5.257"/>
</testsuite> <!-- xboxtestcases.verifyTop5Games -->
