<?xml version="1.0" encoding="UTF-8"?>
<!-- Generated by org.testng.reporters.JUnitReportReporter -->
<testsuite hostname="PRFT-16817" failures="0" tests="1" name="xboxtestcases.VerifyTop5Gamertags" time="11.658" errors="0" timestamp="3 Mar 2022 16:01:07 GMT">
  <testcase classname="xboxtestcases.VerifyTop5Gamertags" name="verifyTop5Gamertags" time="11.658"/>
</testsuite> <!-- xboxtestcases.VerifyTop5Gamertags -->
