<?xml version="1.0" encoding="UTF-8"?>
<!-- Generated by org.testng.reporters.JUnitReportReporter -->
<testsuite hostname="PRFT-16817" failures="0" tests="1" name="xboxtestcases.VerifyTop5Games" time="9.766" errors="0" timestamp="28 Feb 2022 22:33:46 GMT">
  <testcase classname="xboxtestcases.VerifyTop5Games" name="verifyTop5Games" time="9.766"/>
</testsuite> <!-- xboxtestcases.VerifyTop5Games -->
